<?xml version="1.0"?>
<calibrate simulator="./simulator" evaluator="./evaluator" algorithm="genetic" population="31" generations="31" crossover="0.8" mutation="0.2" bits="10">
	<experiment name="test.exp" template1="test.tmp"/>
	<variable name="var1" minimum="1.000" maximum="2.000" format="%e"/>
	<variable name="var2" minimum="1.000" maximum="2.000" format="%e"/>
</calibrate>
