<?xml version="1.0"?>
<optimize simulator="Booth" algorithm="Monte-Carlo" nsimulations="1600" nsteps="225" direction="random" nestimates="4" relaxation="1" result="result-mc-ra-1600-1-450-2-0.01-1-14" variables="variables-mc-ra-1600-1-450-2-0.01-1-14">
  <experiment name="test.exp" template1="test.tmp"/>
  <variable name="x" minimum="-10" maximum="10" precision="14" step="0.01"/>
  <variable name="y" minimum="-10" maximum="10" precision="14" step="0.01"/>
</optimize>
