<?xml version="1.0"?>
<optimize simulator="Booth" algorithm="orthogonal" nsteps="600" climbing="coordinates" relaxation="1" result_file="result-os-c-10-10-1-600-0.1-1-14" variables_file="variables-os-c-10-10-1-600-0.1-1-14">
  <experiment name="test.exp" template1="test.tmp"/>
  <variable name="x" minimum="-10" maximum="10" precision="14" nsweeps="10" step="0.1"/>
  <variable name="y" minimum="-10" maximum="10" precision="14" nsweeps="10" step="0.1"/>
</optimize>
