<?xml version="1.0"?>
<calibrate result="result-mc-2500-1-14" variables="variables-mc-2500-1-14" simulator="Booth" algorithm="Monte-Carlo" nsimulations="2500" niterations="1" tolerance="0" nbest="1">
  <experiment name="test.exp" template1="test.tmp"/>
  <variable name="x" minimum="-10" maximum="10"/>
  <variable name="y" minimum="-10" maximum="10"/>
</calibrate>
