<?xml version="1.0"?>
<calibrate simulator="Booth" algorithm="Monte-Carlo" nsimulations="100" nsteps="1200" gradient_method="random" nestimates="2" relaxation="1" result="result-mc-ra-100-1-1200-2-0.1-1-14" variables="variables-mc-ra-100-1-1200-2-0.1-1-14">
  <experiment name="test.exp" template1="test.tmp"/>
  <variable name="x" minimum="-10" maximum="10" precision="14" step="0.1"/>
  <variable name="y" minimum="-10" maximum="10" precision="14" step="0.1"/>
</calibrate>
