<?xml version="1.0"?>
<calibrate simulator="./simulator" evaluator="./evaluator" algorithm="genetic" population="31" generations="31" mutation="0.4" reproduction="0.4">
	<experiment name="test.exp" template1="test.tmp"/>
	<variable name="var1" minimum="1.000" maximum="2.000" format="%e" bits="7"/>
	<variable name="var2" minimum="1.000" maximum="2.000" format="%e" bits="7"/>
</calibrate>
