<?xml version="1.0"?>
<calibrate simulator="Rosenbrock" algorithm="sweep" result="result-sw-50-50-1-14" variables="variables-sw-50-50-1-14">
  <experiment name="test.exp" template1="test.tmp"/>
  <variable name="x" minimum="-10" maximum="10" precision="14" nsweeps="50"/>
  <variable name="y" minimum="-10" maximum="10" precision="14" nsweeps="50"/>
</calibrate>
