<?xml version="1.0"?>
<optimize simulator="Rosenbrock" algorithm="genetic" npopulation="500" ngenerations="21" mutation="0" reproduction="0" adaptation="0.2" result="result-ge-500-21-0-0-0.2-32-14" variables="variables-ge-500-21-0-0-0.2-32-14">
  <experiment name="test.exp" template1="test.tmp"/>
  <variable name="x" minimum="-10" maximum="10" nbits="32" precision="14"/>
  <variable name="y" minimum="-10" maximum="10" nbits="32" precision="14"/>
</optimize>
