<?xml version="1.0"?>
<calibrate result="result-ge-250-16-0.2-0.2-0.2-32-14" variables="variables-ge-250-16-0.2-0.2-0.2-32-14" simulator="Rosenbrock" algorithm="genetic" npopulation="250" ngenerations="16" mutation="0.2" reproduction="0.2" adaptation="0.2">
  <experiment name="test.exp" template1="test.tmp"/>
  <variable name="x" minimum="-10" maximum="10" nbits="32"/>
  <variable name="y" minimum="-10" maximum="10" nbits="32"/>
</calibrate>
