<?xml version="1.0"?>
<optimize simulator="Rosenbrock" algorithm="sweep" nsteps="600" gradient_method="coordinates" relaxation="1" result="result-sw-c-10-10-1-600-0.1-1-14" variables="variables-sw-c-10-10-1-600-0.1-1-14">
  <experiment name="test.exp" template1="test.tmp"/>
  <variable name="x" minimum="-10" maximum="10" precision="14" nsweeps="10" step="0.1"/>
  <variable name="y" minimum="-10" maximum="10" precision="14" nsweeps="10" step="0.1"/>
</optimize>
