<?xml version="1.0"?>
<optimize result_file="result-ga-250-16-0.2-0.2-0.2-32-14" variables_file="variables-ga-250-16-0.2-0.2-0.2-32-14" simulator="Easom" algorithm="genetic" npopulation="250" ngenerations="16" mutation="0.2" reproduction="0.2" adaptation="0.2">
  <experiment name="test.exp" template1="test.tmp"/>
  <variable name="x" minimum="-40" maximum="1000" nbits="32"/>
  <variable name="y" minimum="-40" maximum="1000" nbits="32"/>
</optimize>
