<?xml version="1.0"?>
<optimize simulator="Easom" algorithm="orthogonal" nsteps="225" climbing="coordinates" relaxation="1" result_file="result-os-c-40-40-1-225-0.01-1-14" variables_file="variables-os-c-40-40-1-225-0.01-1-14">
  <experiment name="test.exp" template1="test.tmp"/>
  <variable name="x" minimum="-100" maximum="100" precision="14" nsweeps="40" step="0.01"/>
  <variable name="y" minimum="-100" maximum="100" precision="14" nsweeps="40" step="0.01"/>
</optimize>
