<?xml version="1.0"?>
<optimize simulator="Easom" algorithm="sweep" nsimulations="10-10" niterations="25" nbest="4" tolerance="0" result_file="result-sw-10-10-25-4-0-14" variables_file="variables-sw-10-10-25-4-0-14">
  <experiment name="test.exp" template1="test.tmp"/>
  <variable name="x" minimum="-40" maximum="1000" precision="14" nsweeps="10"/>
  <variable name="y" minimum="-40" maximum="1000" precision="14" nsweeps="10"/>
</optimize>
