<?xml version="1.0"?>
<optimize simulator="Easom" algorithm="genetic" npopulation="500" ngenerations="21" mutation="0" reproduction="0" adaptation="0.2" result_file="result-ge-500-21-0-0-0.2-32-14" variables_file="variables-ge-500-21-0-0-0.2-32-14">
  <experiment name="test.exp" template1="test.tmp"/>
  <variable name="x" minimum="-100" maximum="100" nbits="32" precision="14"/>
  <variable name="y" minimum="-100" maximum="100" nbits="32" precision="14"/>
</optimize>
