<?xml version="1.0"?>
<calibrate result="result-ga-250-31-0.1-0.1-0.1-32-14" variables="variables-ga-250-31-0.1-0.1-0.1-32-14" simulator="Easom" algorithm="genetic" npopulation="250" ngenerations="31" mutation="0.1" reproduction="0.1" adaptation="0.1">
  <experiment name="test.exp" template1="test.tmp"/>
  <variable name="x" minimum="-40" maximum="1000" precision="14" nbits="32"/>
  <variable name="y" minimum="-40" maximum="1000" precision="14" nbits="32"/>
</calibrate>
