<?xml version="1.0"?>
<calibrate simulator="Easom" algorithm="Monte-Carlo" nsimulations="100" nsteps="600" gradient_method="random" nestimates="4" relaxation="1.5" result="result-mc-r-100-1-600-4-0.1-1.5-14" variables="variables-mc-r-100-1-600-4-0.1-1.5-14">
  <experiment name="test.exp" template1="test.tmp"/>
  <variable name="x" minimum="-40" maximum="1000" precision="14" step="0.1"/>
  <variable name="y" minimum="-40" maximum="1000" precision="14" step="0.1"/>
</calibrate>
