<?xml version="1.0"?>
<optimize simulator="Easom" algorithm="orthogonal" niterations="25" nbest="10" tolerance="0.5" result_file="result-os-10-10-25-10-0.5-14" variables_file="variables-os-10-10-25-10-0.5-14">
  <experiment name="test.exp" template1="test.tmp"/>
  <variable name="x" minimum="-100" maximum="100" precision="14" nsweeps="10"/>
  <variable name="y" minimum="-100" maximum="100" precision="14" nsweeps="10"/>
</optimize>
