<?xml version="1.0"?>
<optimize simulator="Easom" algorithm="Monte-Carlo" nsimulations="100" nsteps="240" direction="random" nestimates="10" relaxation="1" result_file="result-sw-r-100-1-240-10-0.0001-1-14" variables_file="variables-sw-r-100-1-240-10-0.0001-1-14">
  <experiment name="test.exp" template1="test.tmp"/>
  <variable name="x" minimum="-40" maximum="1000" precision="14" step="1e-4"/>
  <variable name="y" minimum="-40" maximum="1000" precision="14" step="1e-4"/>
</optimize>
