<?xml version="1.0"?>
<optimize result_file="result-ga-100-33-0.75-0-0-32-14" variables_file="variables-ga-100-33-0.75-0-0-32-14" simulator="Easom" algorithm="genetic" npopulation="100" ngenerations="33" mutation="0.75" reproduction="0" adaptation="0">
  <experiment name="test.exp" template1="test.tmp"/>
  <variable name="x" minimum="-40" maximum="1000" precision="14" nbits="32"/>
  <variable name="y" minimum="-40" maximum="1000" precision="14" nbits="32"/>
</optimize>
