<?xml version="1.0"?>
<optimize simulator="Easom" algorithm="Monte-Carlo" nsimulations="100" nsteps="600" direction="coordinates" relaxation="1" result_file="result-mc-c-100-1-600-0.1-1-14" variables_file="variables-mc-c-100-1-600-0.1-1-14">
  <experiment name="test.exp" template1="test.tmp"/>
  <variable name="x" minimum="-100" maximum="100" precision="14" step="0.1"/>
  <variable name="y" minimum="-100" maximum="100" precision="14" step="0.1"/>
</optimize>
