<?xml version="1.0"?>
<optimize simulator="Easom" algorithm="Monte-Carlo" nsimulations="100" nsteps="600" direction="coordinates" relaxation="1.5" result_file="result-mc-c-100-1-600-0.1-1.5-14" variables_file="variables-mc-c-100-1-600-0.1-1.5-14">
  <experiment name="test.exp" template1="test.tmp"/>
  <variable name="x" minimum="-40" maximum="1000" precision="14" step="0.1"/>
  <variable name="y" minimum="-40" maximum="1000" precision="14" step="0.1"/>
</optimize>
