<?xml version="1.0"?>
<optimize simulator="Beale" algorithm="orthogonal" result_file="result-os-50-50-1-14" variables_file="variables-os-50-50-1-14">
  <experiment name="test.exp" template1="test.tmp"/>
  <variable name="x" minimum="-5" maximum="5" precision="14" northogonals="50"/>
  <variable name="y" minimum="-5" maximum="5" precision="14" northogonals="50"/>
</optimize>
