<?xml version="1.0"?>
<optimize simulator="Beale" algorithm="Monte-Carlo" nsimulations="100" nsteps="600" climbing="random" nestimates="4" relaxation="1" result_file="result-mc-ra-100-1-1200-2-0.1-1-14" variables_file="variables-mc-ra-100-1-1200-2-0.1-1-14">
  <experiment name="test.exp" template1="test.tmp"/>
  <variable name="x" minimum="-5" maximum="5" precision="14" step="0.1"/>
  <variable name="y" minimum="-5" maximum="5" precision="14" step="0.1"/>
</optimize>
