<?xml version="1.0"?>
<optimize simulator="Beale" algorithm="sweep" nsteps="240" direction="random" nestimates="10" relaxation="1" result="result-sw-ra-10-10-1-1200-2-0.1-1-14" variables="variables-sw-ra-10-10-1-1200-2-0.1-1-14">
  <experiment name="test.exp" template1="test.tmp"/>
  <variable name="x" minimum="-5" maximum="5" precision="14" nsweeps="10" step="0.1"/>
  <variable name="y" minimum="-5" maximum="5" precision="14" nsweeps="10" step="0.1"/>
</optimize>
