<?xml version="1.0"?>
<optimize simulator="Beale" algorithm="Monte-Carlo" nsimulations="100" niterations="25" nbest="10" tolerance="0.1" result_file="result-mc-100-25-10-0.1-14" variables_file="variables-mc-100-25-10-0.1-14">
  <experiment name="test.exp" template1="test.tmp"/>
  <variable name="x" minimum="-5" maximum="5" precision="14"/>
  <variable name="y" minimum="-5" maximum="5" precision="14"/>
</optimize>
