<?xml version="1.0"?>
<optimize result_file="result-ge-250-31-0.1-0.1-0.1-32-14" variables_file="variables-ge-250-31-0.1-0.1-0.1-32-14" simulator="Beale" algorithm="genetic" npopulation="250" ngenerations="31" mutation="0.1" reproduction="0.1" adaptation="0.1">
  <experiment name="test.exp" template1="test.tmp"/>
  <variable name="x" minimum="-5" maximum="5" precision="14" nbits="32"/>
  <variable name="y" minimum="-5" maximum="5" precision="14" nbits="32"/>
</optimize>
