<?xml version="1.0"?>
<optimize result_file="result-ge-100-33-0.25-0.25-0.25-32-14" variables_file="variables-ge-100-33-0.25-0.25-0.25-32-14" simulator="Beale" algorithm="genetic" npopulation="100" ngenerations="33" mutation="0.25" reproduction="0.25" adaptation="0.25">
  <experiment name="test.exp" template1="test.tmp"/>
  <variable name="x" minimum="-5" maximum="5" precision="14" nbits="32"/>
  <variable name="y" minimum="-5" maximum="5" precision="14" nbits="32"/>
</optimize>
