<?xml version="1.0"?>
<calibrate simulator="Sphere" algorithm="Monte-Carlo" nsimulations="2000" nsteps="125" gradient_method="coordinates" relaxation="1.5" result="result-mc-c-2000-1-125-0.001-1.5-14" variables="variables-mc-c-2000-1-125-0.001-1.5-14">
  <experiment name="test.exp" template1="test.tmp"/>
  <variable name="x" minimum="-5" maximum="5" precision="14" step="1e-3"/>
  <variable name="y" minimum="-5" maximum="5" precision="14" step="1e-3"/>
</calibrate>
