<?xml version="1.0"?>
<calibrate simulator="Sphere" algorithm="Monte-Carlo" nsimulations="100" nsteps="240" gradient_method="random" nestimates="10" relaxation="1.5" result="result-mc-r-100-1-240-10-0.0001-1.5-14" variables="variables-mc-r-100-1-240-10-0.0001-1.5-14">
  <experiment name="test.exp" template1="test.tmp"/>
  <variable name="x" minimum="-5" maximum="5" precision="14" step="0.0001"/>
  <variable name="y" minimum="-5" maximum="5" precision="14" step="0.0001"/>
</calibrate>
