<?xml version="1.0"?>
<optimize simulator="Sphere" algorithm="Monte-Carlo" nsimulations="100" nsteps="600" climbing="coordinates" relaxation="1.5" result_file="result-mc-c-100-1-600-0.01-1.5-14" variables_file="variables-mc-c-100-1-600-0.01-1.5-14">
  <experiment name="test.exp" template1="test.tmp"/>
  <variable name="x" minimum="-5" maximum="5" precision="14" step="0.01"/>
  <variable name="y" minimum="-5" maximum="5" precision="14" step="0.01"/>
</optimize>
