<?xml version="1.0"?>
<calibrate simulator="Sphere" algorithm="sweep" nsteps="225" gradient_method="random" nestimates="4" relaxation="1" result="result-sw-r-40-40-1-225-4-0.01-1-14" variables="variables-sw-r-40-40-1-225-4-0.01-1-14">
  <experiment name="test.exp" template1="test.tmp"/>
  <variable name="x" minimum="-5" maximum="5" precision="14" nsweeps="40" step="0.01"/>
  <variable name="y" minimum="-5" maximum="5" precision="14" nsweeps="40" step="0.01"/>
</calibrate>
