<?xml version="1.0"?>
<calibrate result="result-ga-625-11-0.1-0.1-0.1-32-14" variables="variables-ga-625-11-0.1-0.1-0.1-32-14" simulator="Sphere" algorithm="genetic" npopulation="625" ngenerations="11" mutation="0.1" reproduction="0.1" adaptation="0.1">
  <experiment name="test.exp" template1="test.tmp"/>
  <variable name="x" minimum="-5" maximum="5" nbits="32"/>
  <variable name="y" minimum="-5" maximum="5" nbits="32"/>
</calibrate>
