<?xml version="1.0"?>
<calibrate simulator="Sphere" algorithm="Monte-Carlo" nsimulations="2000" nsteps="50" gradient_method="random" nestimates="10" relaxation="1" result="result-mc-r-2000-1-50-10-0.001-1-14" variables="variables-mc-r-2000-1-50-10-0.001-1-14">
  <experiment name="test.exp" template1="test.tmp"/>
  <variable name="x" minimum="-5" maximum="5" precision="14" step="1e-3"/>
  <variable name="y" minimum="-5" maximum="5" precision="14" step="1e-3"/>
</calibrate>
