<?xml version="1.0"?>
<calibrate simulator="Sphere" algorithm="Monte-Carlo" nsimulations="2500" result="result-mc-2500-1-14" variables="variables-mc-2500-1-14">
  <experiment name="test.exp" template1="test.tmp"/>
  <variable name="x" minimum="-5" maximum="5" precision="14"/>
  <variable name="y" minimum="-5" maximum="5" precision="14"/>
</calibrate>
