<?xml version="1.0"?>
<optimize simulator="Sphere" algorithm="sweep" nsteps="225" direction="random" nestimates="4" relaxation="1" result_file="result-sw-ra-40-40-1-450-2-0.01-1-14" variables_file="variables-sw-ra-40-40-1-450-2-0.01-1-14">
  <experiment name="test.exp" template1="test.tmp"/>
  <variable name="x" minimum="-5" maximum="5" precision="14" nsweeps="40" step="0.01"/>
  <variable name="y" minimum="-5" maximum="5" precision="14" nsweeps="40" step="0.01"/>
</optimize>
