<?xml version="1.0"?>
<calibrate simulator="Sphere" algorithm="sweep" nsteps="600" gradient_method="random" nestimates="4" relaxation="1" result="result-sw-r-10-10-1-600-4-0.1-1-14" variables="variables-sw-r-10-10-1-600-4-0.1-1-14">
  <experiment name="test.exp" template1="test.tmp"/>
  <variable name="x" minimum="-5" maximum="5" precision="14" nsweeps="10" step="0.1"/>
  <variable name="y" minimum="-5" maximum="5" precision="14" nsweeps="10" step="0.1"/>
</calibrate>
