<?xml version="1.0"?>
<optimize simulator="Sphere" algorithm="Monte-Carlo" nsimulations="100" nsteps="600" direction="coordinates" relaxation="0.5" result="result-mc-c-100-1-600-0.1-0.5-14" variables="variables-mc-c-100-1-600-0.1-0.5-14">
  <experiment name="test.exp" template1="test.tmp"/>
  <variable name="x" minimum="-5" maximum="5" precision="14" step="0.1"/>
  <variable name="y" minimum="-5" maximum="5" precision="14" step="0.1"/>
</optimize>
