<?xml version="1.0"?>
<calibrate result="result-ga-250-6-0.2-0.2-0.2-16-14" variables="variables-ga-250-6-0.2-0.2-0.2-16-14" simulator="Sphere" algorithm="genetic" npopulation="250" ngenerations="6" mutation="0.2" reproduction="0.2" adaptation="0.2">
  <experiment name="test.exp" template1="test.tmp"/>
  <variable name="x" minimum="-5" maximum="5" nbits="16"/>
  <variable name="y" minimum="-5" maximum="5" nbits="16"/>
</calibrate>
