<?xml version="1.0"?>
<optimize result="result-mc-2500-1-14" variables="variables-mc-2500-1-14" simulator="Sphere" algorithm="Monte-Carlo" nsimulations="2500" niterations="1" tolerance="0" nbest="1">
  <experiment name="test.exp" template1="test.tmp"/>
  <variable name="x" minimum="-5" maximum="5"/>
  <variable name="y" minimum="-5" maximum="5"/>
</optimize>
