<?xml version="1.0"?>
<calibrate simulator="Sphere" algorithm="Monte-Carlo" nsimulations="1600" nsteps="225" gradient_method="coordinates" relaxation="1" result="result-mc-c-1600-1-225-0.001-1-14" variables="variables-mc-c-1600-1-225-0.001-1-14">
  <experiment name="test.exp" template1="test.tmp"/>
  <variable name="x" minimum="-5" maximum="5" precision="14" step="1e-3"/>
  <variable name="y" minimum="-5" maximum="5" precision="14" step="1e-3"/>
</calibrate>
