<?xml version="1.0"?>
<optimize simulator="Sphere" algorithm="Monte-Carlo" nsimulations="100" nsteps="600" gradient_method="coordinates" relaxation="0" result="result-mc-c-100-1-600-0.01-0-14" variables="variables-mc-c-100-1-600-0.01-0-14">
  <experiment name="test.exp" template1="test.tmp"/>
  <variable name="x" minimum="-5" maximum="5" precision="14" step="0.01"/>
  <variable name="y" minimum="-5" maximum="5" precision="14" step="0.01"/>
</optimize>
