<?xml version="1.0"?>
<optimize simulator="Sphere" algorithm="sweep" result="result-sw-50-50-1-14" variables="variables-sw-50-50-1-14">
  <experiment name="test.exp" template1="test.tmp"/>
  <variable name="x" minimum="-5" maximum="5" precision="14" nsweeps="50"/>
  <variable name="y" minimum="-5" maximum="5" precision="14" nsweeps="50"/>
</optimize>
