<?xml version="1.0"?>
<calibrate simulator="Sphere" algorithm="Monte-Carlo" nsimulations="1600" nsteps="90" gradient_method="random" nestimates="10" relaxation="1" result="result-sw-r-1600-1-90-10-0.001-1-14" variables="variables-sw-r-1600-1-90-10-0.001-1-14">
  <experiment name="test.exp" template1="test.tmp"/>
  <variable name="x" minimum="-5" maximum="5" precision="14" step="1e-3"/>
  <variable name="y" minimum="-5" maximum="5" precision="14" step="1e-3"/>
</calibrate>
