<?xml version="1.0"?>
<optimize simulator="Sphere" algorithm="sweep" niterations="25" nbest="4" tolerance="0" result="result-sw-10-10-25-4-0-14" variables="variables-sw-10-10-25-4-0-14">
  <experiment name="test.exp" template1="test.tmp"/>
  <variable name="x" minimum="-5" maximum="5" precision="14" nsweeps="10"/>
  <variable name="y" minimum="-5" maximum="5" precision="14" nsweeps="10"/>
</optimize>
