<?xml version="1.0"?>
<calibrate simulator="Sphere" algorithm="genetic" npopulation="500" ngenerations="21" mutation="0" reproduction="0" adaptation="0.2" result="result-ga-500-21-0-0-0.2-16-14" variables="variables-ga-500-21-0-0-0.2-16-14">
  <experiment name="test.exp" template1="test.tmp"/>
  <variable name="x" minimum="-5" maximum="5" nbits="16" precision="14"/>
  <variable name="y" minimum="-5" maximum="5" nbits="16" precision="14"/>
</calibrate>
