<?xml version="1.0"?>
<optimize simulator="Sphere" algorithm="Monte-Carlo" nsimulations="100" niterations="25" nbest="4" tolerance="0" result="result-mc-100-25-4-0-14" variables="variables-mc-100-25-4-0-14">
  <experiment name="test.exp" template1="test.tmp"/>
  <variable name="x" minimum="-5" maximum="5" precision="14"/>
  <variable name="y" minimum="-5" maximum="5" precision="14"/>
</optimize>
