<?xml version="1.0"?>
<optimize result_file="result-mc-2500-1-14" variables_file="variables-mc-2500-1-14" simulator="Ackley" algorithm="Monte-Carlo" nsimulations="2500" niterations="1" tolerance="0" nbest="1">
  <experiment name="test.exp" template1="test.tmp"/>
  <variable name="x" minimum="-40" maximum="40"/>
  <variable name="y" minimum="-40" maximum="40"/>
</optimize>
