<?xml version="1.0"?>
<calibrate result="result-ga-100-33-0.25-0.25-0.25-32-14" variables="variables-ga-100-33-0.25-0.25-0.25-32-14" simulator="Ackley" algorithm="genetic" npopulation="100" ngenerations="33" mutation="0.25" reproduction="0.25" adaptation="0.25">
  <experiment name="test.exp" template1="test.tmp"/>
  <variable name="x" minimum="-40" maximum="40" precision="14" nbits="32"/>
  <variable name="y" minimum="-40" maximum="40" precision="14" nbits="32"/>
</calibrate>
