<?xml version="1.0"?>
<optimize result="result-ge-625-11-0.1-0.1-0.1-32-14" variables="variables-ge-625-11-0.1-0.1-0.1-32-14" simulator="Ackley" algorithm="genetic" npopulation="625" ngenerations="11" mutation="0.1" reproduction="0.1" adaptation="0.1">
  <experiment name="test.exp" template1="test.tmp"/>
  <variable name="x" minimum="-40" maximum="40" nbits="32"/>
  <variable name="y" minimum="-40" maximum="40" nbits="32"/>
</optimize>
