<?xml version="1.0"?>
<calibrate simulator="Ackley" algorithm="Monte-Carlo" nsimulations="100" niterations="25" nbest="10" tolerance="0.1" result="result-mc-100-25-10-0.1-14" variables="variables-mc-100-25-10-0.1-14">
  <experiment name="test.exp" template1="test.tmp"/>
  <variable name="x" minimum="-40" maximum="40" precision="14"/>
  <variable name="y" minimum="-40" maximum="40" precision="14"/>
</calibrate>
