<?xml version="1.0"?>
<calibrate simulator="Ackley" algorithm="Monte-Carlo" nsimulations="100" nsteps="600" gradient_method="coordinates" relaxation="1.5" result="result-mc-c-100-1-600-0.1-1.5-14" variables="variables-mc-c-100-1-600-0.1-1.5-14">
  <experiment name="test.exp" template1="test.tmp"/>
  <variable name="x" minimum="-40" maximum="40" precision="14" step="0.1"/>
  <variable name="y" minimum="-40" maximum="40" precision="14" step="0.1"/>
</calibrate>
