<?xml version="1.0"?>
<optimize simulator="Ackley" algorithm="Monte-Carlo" nsimulations="100" nsteps="600" direction="random" nestimates="4" relaxation="1" result="result-mc-ra-100-1-1200-2-0.1-1-14" variables="variables-mc-ra-100-1-1200-2-0.1-1-14">
  <experiment name="test.exp" template1="test.tmp"/>
  <variable name="x" minimum="-40" maximum="40" precision="14" step="0.1"/>
  <variable name="y" minimum="-40" maximum="40" precision="14" step="0.1"/>
</optimize>
