<?xml version="1.0"?>
<optimize result="result-ge-625-6-0.2-0.2-0.2-32-14" variables="variables-ge-625-6-0.2-0.2-0.2-32-14" simulator="Ackley" algorithm="genetic" npopulation="625" ngenerations="6" mutation="0.2" reproduction="0.2" adaptation="0.2">
  <experiment name="test.exp" template1="test.tmp"/>
  <variable name="x" minimum="-40" maximum="40" nbits="32"/>
  <variable name="y" minimum="-40" maximum="40" nbits="32"/>
</optimize>
