<?xml version="1.0"?>
<optimize simulator="Ackley" algorithm="Monte-Carlo" nsimulations="1600" nsteps="450" climbing="random" nestimates="2" relaxation="1" result_file="result-mc-ra-1600-1-450-2-0.01-1-14" variables_file="variables-mc-ra-1600-1-450-2-0.01-1-14">
  <experiment name="test.exp" template1="test.tmp"/>
  <variable name="x" minimum="-40" maximum="40" precision="14" step="0.01"/>
  <variable name="y" minimum="-40" maximum="40" precision="14" step="0.01"/>
</optimize>
