<?xml version="1.0"?>
<optimize simulator="simulator.exe" evaluator="evaluator.exe" algorithm="Monte-Carlo" nsimulations="100" seed="7" nsteps="2" climbing="coordinates" norm="maximum">
	<experiment name="test.exp" template1="test.tmp"/>
	<experiment name="test2.exp" template1="test.tmp"/>
	<variable name="var1" minimum="1" maximum="2" step="0.001"/>
	<variable name="var2" minimum="1" maximum="2" step="0.001"/>
</optimize>
