<?xml version="1.0"?>
<optimize simulator="simulator.exe" evaluator="evaluator.exe" seed="7" algorithm="orthogonal" nsteps="2" climbing="random" nestimates="2" norm="p" p="3">
	<experiment name="test.exp" template1="test.tmp"/>
	<experiment name="test2.exp" template1="test.tmp"/>
	<variable name="var1" minimum="1" maximum="2" nsweeps="10" step="0.001"/>
	<variable name="var2" minimum="1" maximum="2" nsweeps="10" step="0.001"/>
</optimize>
